2022-10-04 21:16:50.032 | DEBUG    | hcaptcha_challenger._solutions.kernel:_request_asset:307 - Downloading objects.yaml from https://raw.githubusercontent.com/QIN2DIM/hcaptcha-challenger/main/src/objects.yaml
2022-10-04 21:16:50.232 | DEBUG    | hcaptcha_challenger._solutions.kernel:request_assets:133 - Pulling AssetsObject from https://api.github.com/repos/qin2dim/hcaptcha-challenger/releases
2022-10-04 21:16:50.797 | DEBUG    | hcaptcha_challenger._solutions.kernel:_request_asset:307 - Downloading yolov6n.onnx from https://github.com/QIN2DIM/hcaptcha-challenger/releases/download/model/yolov6n.onnx
2022-10-04 21:16:53.749 | INFO     | services.deploy:job_loop_claim:126 - >> STARTUP [AwesomeScheduler] SynergyTunnel Pattern: True
2022-10-04 21:16:53.809 | SUCCESS  | services.bricklayer.core:refresh_ctx_cookies:1221 - >> MATCH [__Context__] ðŸŽ® å¯åŠ¨æŒ‘æˆ˜è€…ä¸Šä¸‹æ–‡ - ctx_session=False
2022-10-04 21:16:54.390 | INFO     | services.utils.toolbox:get_challenge_ctx:127 - Please use `xvfb` to empower the headful Chrome.
2022-10-04 21:16:54.390 | INFO     | services.utils.toolbox:get_challenge_ctx:128 - CMD: xvfb-run python3 main.py claim
2022-10-04 21:17:31.355 | DEBUG    | services.bricklayer.core:login:909 - >> MATCH [CookieManager] å®žä½“ä¿¡æ¯æ³¨å…¥å®Œæ¯•
2022-10-04 21:17:31.475 | DEBUG    | services.bricklayer.core:fall_in_captcha_login:63 - >> ARMOR [ArmorUtils] æ­£åœ¨æ£€æµ‹éšè—åœ¨ç™»å½•ç•Œé¢çš„äººæœºæŒ‘æˆ˜...
2022-10-04 21:17:33.751 | DEBUG    | hcaptcha_challenger.core:log:321 - >> Challenge [ArmorCaptcha] Get label - label=ã€ŒçŽ©å…·ä¹Œé¾Ÿã€
2022-10-04 21:17:34.496 | DEBUG    | hcaptcha_challenger.core:log:321 - >> Challenge [ArmorCaptcha] Download challenge images - timeit=0.06s
2022-10-04 21:17:34.500 | DEBUG    | hcaptcha_challenger._solutions.kernel:_request_asset:307 - Downloading toy_turtle.onnx from https://github.com/QIN2DIM/hcaptcha-challenger/releases/download/model/toy_turtle.onnx
2022-10-04 21:17:36.589 | DEBUG    | hcaptcha_challenger.core:log:321 - >> Challenge [ArmorCaptcha] Submit the challenge - toy_turtle(ResNet)_model: 0.68s
2022-10-04 21:17:40.661 | DEBUG    | hcaptcha_challenger.core:log:321 - >> Challenge [ArmorCaptcha] èŽ·å–å“åº” - desc=ç»§ç»­æŒ‘æˆ˜(continue)
2022-10-04 21:17:40.715 | DEBUG    | hcaptcha_challenger.core:log:321 - >> Challenge [ArmorCaptcha] Get label - label=ã€ŒçŽ©å…·ä¹Œé¾Ÿã€
2022-10-04 21:17:41.483 | DEBUG    | hcaptcha_challenger.core:log:321 - >> Challenge [ArmorCaptcha] Download challenge images - timeit=0.11s
2022-10-04 21:17:43.114 | DEBUG    | hcaptcha_challenger.core:log:321 - >> Challenge [ArmorCaptcha] Submit the challenge - toy_turtle(ResNet)_model: 0.02s
2022-10-04 21:17:52.259 | DEBUG    | hcaptcha_challenger.core:log:321 - >> Challenge [ArmorCaptcha] èŽ·å–å“åº” - desc=é€€ç«æˆåŠŸ(success)
2022-10-04 21:17:53.081 | DEBUG    | services.bricklayer.core:load_ctx_cookies:1157 - >> LOAD [CookieManager] Load context cookie.
2022-10-04 21:17:54.004 | DEBUG    | services.deploy:promotions_splitter:307 - >> STARTUP [GameClaimer] ðŸœ å‘çŽ°å‘¨å…æ¸¸æˆ - game=ã€ŽThe Drone Racing League Simulatorã€ url=https://store.epicgames.com/zh-CN/p/the-drone-racing-league-simulator
2022-10-04 21:17:54.005 | DEBUG    | services.deploy:promotions_splitter:307 - >> STARTUP [GameClaimer] ðŸœ å‘çŽ°å‘¨å…æ¸¸æˆ - game=ã€ŽRunbowã€ url=https://store.epicgames.com/zh-CN/p/runbow-fc9fa4
2022-10-04 21:17:54.006 | DEBUG    | services.bricklayer.game:cart_balancing:80 - >> REMOVE [GameClaimer] å°†è´­ç‰©è½¦å•†å“ç§»è‡³æ„¿æœ›æ¸…å•
2022-10-04 21:18:10.618 | SUCCESS  | services.bricklayer.core:purchase_status:530 - >> GET [GameClaimer] ðŸ›’ æ·»åŠ è‡³è´­ç‰©è½¦ ä¼˜æƒ æˆªæ­¢äºŽ2022/10/6 08:00 - game=ã€ŽThe Drone Racing League Simulatorã€
2022-10-04 21:18:10.742 | DEBUG    | services.bricklayer.core:_activate_payment:735 - [ðŸ”–] èµ„æºè®¢å•åŠ è½½å®Œæ¯• - mode=add
2022-10-04 21:18:27.239 | SUCCESS  | services.bricklayer.core:purchase_status:530 - >> GET [GameClaimer] ðŸ›’ æ·»åŠ è‡³è´­ç‰©è½¦ ä¼˜æƒ æˆªæ­¢äºŽ2022/10/6 08:00 - game=ã€ŽRunbowã€
2022-10-04 21:18:27.422 | DEBUG    | services.bricklayer.core:_activate_payment:735 - [ðŸ”–] èµ„æºè®¢å•åŠ è½½å®Œæ¯• - mode=add
2022-10-04 21:18:28.195 | DEBUG    | services.bricklayer.game:empty_shopping_payment:98 - [ðŸ›µ] é‡è½½èº«ä»½ä»¤ç‰Œ
2022-10-04 21:18:32.874 | DEBUG    | services.bricklayer.game:empty_shopping_payment:107 - [ðŸ›µ] å®¡æŸ¥è´­ç‰©è½¦çŠ¶æ€
2022-10-04 21:18:33.189 | DEBUG    | services.bricklayer.core:_activate_payment:735 - [ðŸ”–] èµ„æºè®¢å•åŠ è½½å®Œæ¯• - mode=ä¸‹å•
2022-10-04 21:18:37.225 | DEBUG    | services.bricklayer.game:empty_shopping_payment:131 - [ðŸ›µ] å¤„ç†è´­ç‰©è®¢å•...
2022-10-04 21:18:37.261 | DEBUG    | services.bricklayer.core:cart_handle_payment:975 - [ðŸŒ€] åˆ‡æ¢è‡³å†…è”è®¢å•æ¡†æž¶
2022-10-04 21:18:37.261 | DEBUG    | services.bricklayer.core:cart_handle_payment:981 - [âš”] æ¿€æ´»äººæœºæŒ‘æˆ˜...
2022-10-04 21:18:57.724 | DEBUG    | services.bricklayer.core:cart_handle_payment:992 - [âš”] æ•èŽ·éšè—åœ¨è®¢å•ä¸­çš„äººæœºæŒ‘æˆ˜...
2022-10-04 21:18:57.835 | DEBUG    | hcaptcha_challenger.core:log:321 - >> Challenge [ArmorCaptcha] Get label - label=ã€ŒçŽ©å…·å±‹ã€
2022-10-04 21:18:58.520 | DEBUG    | hcaptcha_challenger.core:log:321 - >> Challenge [ArmorCaptcha] Download challenge images - timeit=0.06s
2022-10-04 21:18:58.523 | DEBUG    | hcaptcha_challenger._solutions.kernel:_request_asset:307 - Downloading toy_house.onnx from https://github.com/QIN2DIM/hcaptcha-challenger/releases/download/model/toy_house.onnx
2022-10-04 21:19:00.755 | DEBUG    | hcaptcha_challenger.core:log:321 - >> Challenge [ArmorCaptcha] Submit the challenge - toy_house(ResNet)_model: 0.67s
2022-10-04 21:19:04.822 | DEBUG    | hcaptcha_challenger.core:log:321 - >> Challenge [ArmorCaptcha] èŽ·å–å“åº” - desc=ç»§ç»­æŒ‘æˆ˜(continue)
2022-10-04 21:19:04.897 | DEBUG    | hcaptcha_challenger.core:log:321 - >> Challenge [ArmorCaptcha] Get label - label=ã€ŒçŽ©å…·å±‹ã€
2022-10-04 21:19:05.594 | DEBUG    | hcaptcha_challenger.core:log:321 - >> Challenge [ArmorCaptcha] Download challenge images - timeit=0.05s
2022-10-04 21:19:07.130 | DEBUG    | hcaptcha_challenger.core:log:321 - >> Challenge [ArmorCaptcha] Submit the challenge - toy_house(ResNet)_model: 0.01s
2022-10-04 21:19:12.527 | DEBUG    | hcaptcha_challenger.core:log:321 - >> Challenge [ArmorCaptcha] èŽ·å–å“åº” - desc=é€€ç«æˆåŠŸ(success)
2022-10-04 21:19:12.816 | DEBUG    | services.bricklayer.core:cart_handle_payment:996 - [ðŸŒ€] å¼¹å‡ºå†…è”è®¢å•æ¡†æž¶...
2022-10-04 21:19:21.925 | DEBUG    | services.bricklayer.game:empty_shopping_payment:98 - [ðŸ›µ] é‡è½½èº«ä»½ä»¤ç‰Œ
2022-10-04 21:19:25.657 | DEBUG    | services.bricklayer.game:empty_shopping_payment:107 - [ðŸ›µ] å®¡æŸ¥è´­ç‰©è½¦çŠ¶æ€
2022-10-04 21:19:30.793 | SUCCESS  | services.bricklayer.game:empty_shopping_payment:117 - >> ADVANCE [GameClaimer] âœ” è´­ç‰©è½¦å·²æ¸…ç©º
2022-10-04 21:30:03.954 | INFO     | services.scaffold:get:88 - STARTUP [ScaffoldGet] æ­£åœ¨æ¸…ç©ºå…è´¹å•†åº—...
2022-10-04 21:30:04.014 | DEBUG    | services.bricklayer.core:load_ctx_cookies:1157 - >> LOAD [CookieManager] Load context cookie.
2022-10-04 21:30:04.736 | SUCCESS  | services.bricklayer.core:refresh_ctx_cookies:1210 - >> CHECK [CookieManager] The identity token is valid.
2022-10-04 21:30:04.748 | DEBUG    | services.bricklayer.core:load_ctx_cookies:1157 - >> LOAD [CookieManager] Load context cookie.
2022-10-04 21:30:04.749 | INFO     | apis.scaffold.get:get_ctx_store:98 - æ›´æ–°å•†åŸŽæ•°æ®
2022-10-04 21:30:05.218 | INFO     | services.utils.toolbox:get_challenge_ctx:127 - Please use `xvfb` to empower the headful Chrome.
2022-10-04 21:30:05.218 | INFO     | services.utils.toolbox:get_challenge_ctx:128 - CMD: xvfb-run python3 main.py claim
2022-10-04 21:30:22.879 | INFO     | apis.scaffold.get:get_oder_history:109 - æ›´æ–°è®¢å•æ•°æ®
2022-10-04 21:30:26.418 | INFO     | apis.scaffold.get:attach:166 - å½“å‰çŽ©å®¶ ãŒãˆã‚“ ã¨ãŠãˆ(4) å¯é¢†å– 47 æ¬¾å¸¸é©»å…è´¹æ¸¸æˆ
2022-10-04 21:30:26.419 | INFO     | apis.scaffold.get:attach:167 - å½“å‰çŽ©å®¶ ãŒãˆã‚“ ã¨ãŠãˆ(4) ä»æœ‰ 43 æ¬¾å…è´¹æ¸¸æˆå°šæœªé¢†å–
2022-10-04 21:30:26.420 | DEBUG    | services.bricklayer.game:cart_balancing:80 - >> REMOVE [GameClaimer] å°†è´­ç‰©è½¦å•†å“ç§»è‡³æ„¿æœ›æ¸…å•
2022-10-04 21:30:40.738 | SUCCESS  | services.bricklayer.core:purchase_status:530 - >> GET [GameClaimer] ðŸ›’ æ·»åŠ è‡³è´­ç‰©è½¦ - game=ã€Žã€Šå‘½è¿ 2ã€‹ã€
2022-10-04 21:30:40.938 | DEBUG    | services.bricklayer.core:_activate_payment:735 - [ðŸ”–] èµ„æºè®¢å•åŠ è½½å®Œæ¯• - mode=add
2022-10-04 21:30:49.279 | SUCCESS  | services.bricklayer.core:purchase_status:530 - >> GET [GameClaimer] ðŸ›’ æ·»åŠ è‡³è´­ç‰©è½¦ - game=ã€ŽRealm Royale Reforgedã€
2022-10-04 21:30:49.357 | DEBUG    | services.bricklayer.core:_activate_payment:735 - [ðŸ”–] èµ„æºè®¢å•åŠ è½½å®Œæ¯• - mode=add
2022-10-04 21:30:59.286 | SUCCESS  | services.bricklayer.core:purchase_status:530 - >> GET [GameClaimer] ðŸ›’ æ·»åŠ è‡³è´­ç‰©è½¦ - game=ã€Žã€Šæ‘”è§’åŸŽå¤§ä¹±æ–—ã€‹ã€
2022-10-04 21:30:59.454 | DEBUG    | services.bricklayer.core:_activate_payment:735 - [ðŸ”–] èµ„æºè®¢å•åŠ è½½å®Œæ¯• - mode=add
2022-10-04 21:31:08.071 | SUCCESS  | services.bricklayer.core:purchase_status:530 - >> GET [GameClaimer] ðŸ›’ æ·»åŠ è‡³è´­ç‰©è½¦ - game=ã€Žä¼ å¥‡å•†åº—ã€
2022-10-04 21:31:08.177 | DEBUG    | services.bricklayer.core:_activate_payment:735 - [ðŸ”–] èµ„æºè®¢å•åŠ è½½å®Œæ¯• - mode=add
2022-10-04 21:31:16.531 | SUCCESS  | services.bricklayer.core:purchase_status:530 - >> GET [GameClaimer] ðŸ›’ æ·»åŠ è‡³è´­ç‰©è½¦ - game=ã€Žã€ŠFault: Elder Orbã€‹ã€
2022-10-04 21:31:16.621 | DEBUG    | services.bricklayer.core:_activate_payment:735 - [ðŸ”–] èµ„æºè®¢å•åŠ è½½å®Œæ¯• - mode=add
2022-10-04 21:31:25.824 | SUCCESS  | services.bricklayer.core:purchase_status:530 - >> GET [GameClaimer] ðŸ›’ æ·»åŠ è‡³è´­ç‰©è½¦ - game=ã€Žã€Šå† å†›å†²åˆºã€‹ã€
2022-10-04 21:31:25.896 | DEBUG    | services.bricklayer.core:_activate_payment:735 - [ðŸ”–] èµ„æºè®¢å•åŠ è½½å®Œæ¯• - mode=add
2022-10-04 21:31:33.633 | SUCCESS  | services.bricklayer.core:purchase_status:530 - >> GET [GameClaimer] ðŸ›’ æ·»åŠ è‡³è´­ç‰©è½¦ - game=ã€Žã€ŠStar Stable Onlineã€‹ã€
2022-10-04 21:31:33.722 | DEBUG    | services.bricklayer.core:_activate_payment:735 - [ðŸ”–] èµ„æºè®¢å•åŠ è½½å®Œæ¯• - mode=add
2022-10-04 21:31:42.282 | SUCCESS  | services.bricklayer.core:purchase_status:530 - >> GET [GameClaimer] ðŸ›’ æ·»åŠ è‡³è´­ç‰©è½¦ - game=ã€Žã€ŠThe Cycleã€‹ã€
2022-10-04 21:31:42.365 | DEBUG    | services.bricklayer.core:_activate_payment:735 - [ðŸ”–] èµ„æºè®¢å•åŠ è½½å®Œæ¯• - mode=add
2022-10-04 21:31:50.281 | SUCCESS  | services.bricklayer.core:purchase_status:530 - >> GET [GameClaimer] ðŸ›’ æ·»åŠ è‡³è´­ç‰©è½¦ - game=ã€Žã€ŠKARDS - äºŒæˆ˜é¢˜æå¡ç‰Œæ¸¸æˆã€‹ã€
2022-10-04 21:31:50.373 | DEBUG    | services.bricklayer.core:_activate_payment:735 - [ðŸ”–] èµ„æºè®¢å•åŠ è½½å®Œæ¯• - mode=add
2022-10-04 21:31:59.524 | SUCCESS  | services.bricklayer.core:purchase_status:530 - >> GET [GameClaimer] ðŸ›’ æ·»åŠ è‡³è´­ç‰©è½¦ ä¼˜æƒ æˆªæ­¢äºŽ2022/10/7 11:00 - game=ã€Žã€ŠArmored Warfareã€‹ã€
2022-10-04 21:31:59.610 | DEBUG    | services.bricklayer.core:_activate_payment:735 - [ðŸ”–] èµ„æºè®¢å•åŠ è½½å®Œæ¯• - mode=add
2022-10-04 21:32:08.326 | SUCCESS  | services.bricklayer.core:purchase_status:530 - >> GET [GameClaimer] ðŸ›’ æ·»åŠ è‡³è´­ç‰©è½¦ - game=ã€Žã€ŠSpace Punksã€‹ã€
2022-10-04 21:32:08.405 | DEBUG    | services.bricklayer.core:_activate_payment:735 - [ðŸ”–] èµ„æºè®¢å•åŠ è½½å®Œæ¯• - mode=add
2022-10-04 21:32:17.575 | SUCCESS  | services.bricklayer.core:purchase_status:530 - >> GET [GameClaimer] ðŸ›’ æ·»åŠ è‡³è´­ç‰©è½¦ - game=ã€Žã€ŠPinball FXã€‹ã€
2022-10-04 21:32:17.653 | DEBUG    | services.bricklayer.core:_activate_payment:735 - [ðŸ”–] èµ„æºè®¢å•åŠ è½½å®Œæ¯• - mode=add
2022-10-04 21:32:25.564 | SUCCESS  | services.bricklayer.core:purchase_status:530 - >> GET [GameClaimer] ðŸ›’ æ·»åŠ è‡³è´­ç‰©è½¦ - game=ã€Žã€ŠGhostwire: Tokyoã€‹- åºç« ã€
2022-10-04 21:32:25.671 | DEBUG    | services.bricklayer.core:_activate_payment:735 - [ðŸ”–] èµ„æºè®¢å•åŠ è½½å®Œæ¯• - mode=add
2022-10-04 21:32:35.358 | SUCCESS  | services.bricklayer.core:purchase_status:530 - >> GET [GameClaimer] ðŸ›’ æ·»åŠ è‡³è´­ç‰©è½¦ - game=ã€Žã€ŠCentury: Age of Ashesã€‹ã€
2022-10-04 21:32:35.436 | DEBUG    | services.bricklayer.core:_activate_payment:735 - [ðŸ”–] èµ„æºè®¢å•åŠ è½½å®Œæ¯• - mode=add
2022-10-04 21:32:43.085 | SUCCESS  | services.bricklayer.core:purchase_status:530 - >> GET [GameClaimer] ðŸ›’ æ·»åŠ è‡³è´­ç‰©è½¦ - game=ã€Žã€ŠKID A MNESIA EXHIBITIONã€‹ã€
2022-10-04 21:32:43.213 | DEBUG    | services.bricklayer.core:_activate_payment:735 - [ðŸ”–] èµ„æºè®¢å•åŠ è½½å®Œæ¯• - mode=add
2022-10-04 21:32:51.025 | SUCCESS  | services.bricklayer.core:purchase_status:530 - >> GET [GameClaimer] ðŸ›’ æ·»åŠ è‡³è´­ç‰©è½¦ - game=ã€Žã€ŠAnimation Throwdown: The Quest for Cardsã€‹ã€
2022-10-04 21:32:51.102 | DEBUG    | services.bricklayer.core:_activate_payment:735 - [ðŸ”–] èµ„æºè®¢å•åŠ è½½å®Œæ¯• - mode=add
2022-10-04 21:33:00.987 | SUCCESS  | services.bricklayer.core:purchase_status:530 - >> GET [GameClaimer] ðŸ›’ æ·»åŠ è‡³è´­ç‰©è½¦ - game=ã€Žã€ŠEVE Onlineã€‹ã€
2022-10-04 21:33:01.065 | DEBUG    | services.bricklayer.core:_activate_payment:735 - [ðŸ”–] èµ„æºè®¢å•åŠ è½½å®Œæ¯• - mode=add
2022-10-04 21:33:08.980 | SUCCESS  | services.bricklayer.core:purchase_status:530 - >> GET [GameClaimer] ðŸ›’ æ·»åŠ è‡³è´­ç‰©è½¦ - game=ã€Žã€ŠWarfaceã€‹ã€
2022-10-04 21:33:09.065 | DEBUG    | services.bricklayer.core:_activate_payment:735 - [ðŸ”–] èµ„æºè®¢å•åŠ è½½å®Œæ¯• - mode=add
2022-10-04 21:33:17.552 | SUCCESS  | services.bricklayer.core:purchase_status:530 - >> GET [GameClaimer] ðŸ›’ æ·»åŠ è‡³è´­ç‰©è½¦ - game=ã€Žã€ŠSuper Squadã€‹ã€
2022-10-04 21:33:17.644 | DEBUG    | services.bricklayer.core:_activate_payment:735 - [ðŸ”–] èµ„æºè®¢å•åŠ è½½å®Œæ¯• - mode=add
2022-10-04 21:33:25.925 | SUCCESS  | services.bricklayer.core:purchase_status:530 - >> GET [GameClaimer] ðŸ›’ æ·»åŠ è‡³è´­ç‰©è½¦ - game=ã€Žã€ŠScavengersã€‹ã€
2022-10-04 21:33:26.016 | DEBUG    | services.bricklayer.core:_activate_payment:735 - [ðŸ”–] èµ„æºè®¢å•åŠ è½½å®Œæ¯• - mode=add
2022-10-04 21:33:35.300 | SUCCESS  | services.bricklayer.core:purchase_status:530 - >> GET [GameClaimer] ðŸ›’ æ·»åŠ è‡³è´­ç‰©è½¦ - game=ã€Žã€ŠCoreã€‹ã€
2022-10-04 21:33:35.427 | DEBUG    | services.bricklayer.core:_activate_payment:735 - [ðŸ”–] èµ„æºè®¢å•åŠ è½½å®Œæ¯• - mode=add
2022-10-04 21:33:46.317 | SUCCESS  | services.bricklayer.core:purchase_status:530 - >> GET [GameClaimer] ðŸ›’ æ·»åŠ è‡³è´­ç‰©è½¦ - game=ã€Žã€Šæˆ˜èˆ°ä¸–ç•Œã€‹ã€
2022-10-04 21:33:46.418 | DEBUG    | services.bricklayer.core:_activate_payment:735 - [ðŸ”–] èµ„æºè®¢å•åŠ è½½å®Œæ¯• - mode=add
2022-10-04 21:33:53.515 | DEBUG    | services.bricklayer.game:claim_stabilizer:240 - >> QUIT [GameClaimer] Message: å†…å®¹å“å½“å‰åœ¨æ‚¨æ‰€åœ¨å¹³å°æˆ–åœ°åŒºä¸å¯ç”¨ã€‚ - url=https://store.epicgames.com/zh-CN/p/crayta
2022-10-04 21:34:01.677 | SUCCESS  | services.bricklayer.core:purchase_status:530 - >> GET [GameClaimer] ðŸ›’ æ·»åŠ è‡³è´­ç‰©è½¦ - game=ã€ŽPrimordials: Battle of Godsã€
2022-10-04 21:34:01.778 | DEBUG    | services.bricklayer.core:_activate_payment:735 - [ðŸ”–] èµ„æºè®¢å•åŠ è½½å®Œæ¯• - mode=add
2022-10-04 21:34:11.888 | SUCCESS  | services.bricklayer.core:purchase_status:530 - >> GET [GameClaimer] ðŸ›’ æ·»åŠ è‡³è´­ç‰©è½¦ - game=ã€Žã€ŠIdle Champions of the Forgotten Realmsã€‹ã€
2022-10-04 21:34:12.005 | DEBUG    | services.bricklayer.core:_activate_payment:735 - [ðŸ”–] èµ„æºè®¢å•åŠ è½½å®Œæ¯• - mode=add
2022-10-04 21:34:21.272 | SUCCESS  | services.bricklayer.core:purchase_status:530 - >> GET [GameClaimer] ðŸ›’ æ·»åŠ è‡³è´­ç‰©è½¦ ä¼˜æƒ æˆªæ­¢äºŽ2022/10/10 11:00 - game=ã€Žã€Šå’’è¯­åŠ›é‡3ï¼š Versus Editionã€‹ã€
2022-10-04 21:34:21.358 | DEBUG    | services.bricklayer.core:_activate_payment:735 - [ðŸ”–] èµ„æºè®¢å•åŠ è½½å®Œæ¯• - mode=add
2022-10-04 21:34:31.175 | SUCCESS  | services.bricklayer.core:purchase_status:530 - >> GET [GameClaimer] ðŸ›’ æ·»åŠ è‡³è´­ç‰©è½¦ - game=ã€Žã€ŠWarframeã€‹ã€
2022-10-04 21:34:31.265 | DEBUG    | services.bricklayer.core:_activate_payment:735 - [ðŸ”–] èµ„æºè®¢å•åŠ è½½å®Œæ¯• - mode=add
2022-10-04 21:34:41.114 | SUCCESS  | services.bricklayer.core:purchase_status:530 - >> GET [GameClaimer] ðŸ›’ æ·»åŠ è‡³è´­ç‰©è½¦ - game=ã€Žã€ŠCRSED: F.O.A.D.ã€‹ã€
2022-10-04 21:34:41.197 | DEBUG    | services.bricklayer.core:_activate_payment:735 - [ðŸ”–] èµ„æºè®¢å•åŠ è½½å®Œæ¯• - mode=add
2022-10-04 21:34:51.626 | SUCCESS  | services.bricklayer.core:purchase_status:530 - >> GET [GameClaimer] ðŸ›’ æ·»åŠ è‡³è´­ç‰©è½¦ - game=ã€Žã€ŠNeverwinterã€‹ã€
2022-10-04 21:34:51.712 | DEBUG    | services.bricklayer.core:_activate_payment:735 - [ðŸ”–] èµ„æºè®¢å•åŠ è½½å®Œæ¯• - mode=add
2022-10-04 21:35:01.635 | SUCCESS  | services.bricklayer.core:purchase_status:530 - >> GET [GameClaimer] ðŸ›’ æ·»åŠ è‡³è´­ç‰©è½¦ - game=ã€Žã€ŠStar Trek Onlineã€‹ã€
2022-10-04 21:35:01.725 | DEBUG    | services.bricklayer.core:_activate_payment:735 - [ðŸ”–] èµ„æºè®¢å•åŠ è½½å®Œæ¯• - mode=add
2022-10-04 21:35:11.612 | SUCCESS  | services.bricklayer.core:purchase_status:530 - >> GET [GameClaimer] ðŸ›’ æ·»åŠ è‡³è´­ç‰©è½¦ - game=ã€Žã€ŠRogue Companyã€‹ã€
2022-10-04 21:35:11.694 | DEBUG    | services.bricklayer.core:_activate_payment:735 - [ðŸ”–] èµ„æºè®¢å•åŠ è½½å®Œæ¯• - mode=add
2022-10-04 21:35:22.329 | SUCCESS  | services.bricklayer.core:purchase_status:530 - >> GET [GameClaimer] ðŸ›’ æ·»åŠ è‡³è´­ç‰©è½¦ - game=ã€Žã€ŠHeroes & Generals WWIIã€‹ã€
2022-10-04 21:35:22.422 | DEBUG    | services.bricklayer.core:_activate_payment:735 - [ðŸ”–] èµ„æºè®¢å•åŠ è½½å®Œæ¯• - mode=add
2022-10-04 21:35:37.084 | SUCCESS  | services.bricklayer.core:purchase_status:530 - >> GET [GameClaimer] ðŸ›’ æ·»åŠ è‡³è´­ç‰©è½¦ - game=ã€Žã€Š3 out of 10, EP 5ã€‹: The Rig Is Up!ã€
2022-10-04 21:35:37.173 | DEBUG    | services.bricklayer.core:_activate_payment:735 - [ðŸ”–] èµ„æºè®¢å•åŠ è½½å®Œæ¯• - mode=add
2022-10-04 21:35:45.309 | SUCCESS  | services.bricklayer.core:purchase_status:530 - >> GET [GameClaimer] ðŸ›’ æ·»åŠ è‡³è´­ç‰©è½¦ - game=ã€ŽSpellbreakã€
2022-10-04 21:35:45.392 | DEBUG    | services.bricklayer.core:_activate_payment:735 - [ðŸ”–] èµ„æºè®¢å•åŠ è½½å®Œæ¯• - mode=add
2022-10-04 21:35:53.994 | SUCCESS  | services.bricklayer.core:purchase_status:530 - >> GET [GameClaimer] ðŸ›’ æ·»åŠ è‡³è´­ç‰©è½¦ - game=ã€Žã€ŠDiaboticalã€‹ã€
2022-10-04 21:35:54.094 | DEBUG    | services.bricklayer.core:_activate_payment:735 - [ðŸ”–] èµ„æºè®¢å•åŠ è½½å®Œæ¯• - mode=add
2022-10-04 21:36:02.891 | SUCCESS  | services.bricklayer.core:purchase_status:530 - >> GET [GameClaimer] ðŸ›’ æ·»åŠ è‡³è´­ç‰©è½¦ - game=ã€Žã€Š3 out of 10, EP 4ã€‹: Thank You For Being An Assetã€
2022-10-04 21:36:02.976 | DEBUG    | services.bricklayer.core:_activate_payment:735 - [ðŸ”–] èµ„æºè®¢å•åŠ è½½å®Œæ¯• - mode=add
2022-10-04 21:36:11.755 | SUCCESS  | services.bricklayer.core:purchase_status:530 - >> GET [GameClaimer] ðŸ›’ æ·»åŠ è‡³è´­ç‰©è½¦ - game=ã€Žã€Š3 out of 10, EP 3ã€‹ï¼šPivot Like A Championã€
2022-10-04 21:36:11.832 | DEBUG    | services.bricklayer.core:_activate_payment:735 - [ðŸ”–] èµ„æºè®¢å•åŠ è½½å®Œæ¯• - mode=add
2022-10-04 21:36:20.474 | SUCCESS  | services.bricklayer.core:purchase_status:530 - >> GET [GameClaimer] ðŸ›’ æ·»åŠ è‡³è´­ç‰©è½¦ - game=ã€Žã€Š3 out of 10, EP 2ã€‹: Foundation 101ã€
2022-10-04 21:36:20.559 | DEBUG    | services.bricklayer.core:_activate_payment:735 - [ðŸ”–] èµ„æºè®¢å•åŠ è½½å®Œæ¯• - mode=add
2022-10-04 21:36:29.088 | SUCCESS  | services.bricklayer.core:purchase_status:530 - >> GET [GameClaimer] ðŸ›’ æ·»åŠ è‡³è´­ç‰©è½¦ - game=ã€Žã€Š3 out of 10, EP 1ã€‹ï¼šWelcome To Shovelworksã€
2022-10-04 21:36:29.177 | DEBUG    | services.bricklayer.core:_activate_payment:735 - [ðŸ”–] èµ„æºè®¢å•åŠ è½½å®Œæ¯• - mode=add
2022-10-04 21:36:38.443 | SUCCESS  | services.bricklayer.core:purchase_status:530 - >> GET [GameClaimer] ðŸ›’ æ·»åŠ è‡³è´­ç‰©è½¦ - game=ã€ŽDauntlessã€
2022-10-04 21:36:38.536 | DEBUG    | services.bricklayer.core:_activate_payment:735 - [ðŸ”–] èµ„æºè®¢å•åŠ è½½å®Œæ¯• - mode=add
2022-10-04 21:36:46.600 | SUCCESS  | services.bricklayer.core:purchase_status:530 - >> GET [GameClaimer] ðŸ›’ æ·»åŠ è‡³è´­ç‰©è½¦ - game=ã€Žã€ŠAuto Chessã€‹ã€
2022-10-04 21:36:46.720 | DEBUG    | services.bricklayer.core:_activate_payment:735 - [ðŸ”–] èµ„æºè®¢å•åŠ è½½å®Œæ¯• - mode=add
2022-10-04 21:36:57.037 | SUCCESS  | services.bricklayer.core:purchase_status:530 - >> GET [GameClaimer] ðŸ›’ æ·»åŠ è‡³è´­ç‰©è½¦ - game=ã€Žã€Šå ¡åž’ä¹‹å¤œã€‹ã€
2022-10-04 21:36:57.129 | DEBUG    | services.bricklayer.core:_activate_payment:735 - [ðŸ”–] èµ„æºè®¢å•åŠ è½½å®Œæ¯• - mode=add
2022-10-04 21:37:05.366 | SUCCESS  | services.bricklayer.core:purchase_status:530 - >> GET [GameClaimer] ðŸ›’ æ·»åŠ è‡³è´­ç‰©è½¦ - game=ã€ŽUnreal Tournamentã€
2022-10-04 21:37:05.473 | DEBUG    | services.bricklayer.core:_activate_payment:735 - [ðŸ”–] èµ„æºè®¢å•åŠ è½½å®Œæ¯• - mode=add
2022-10-04 21:37:05.839 | DEBUG    | services.bricklayer.game:empty_shopping_payment:98 - [ðŸ›µ] é‡è½½èº«ä»½ä»¤ç‰Œ
2022-10-04 21:37:16.832 | DEBUG    | services.bricklayer.game:empty_shopping_payment:107 - [ðŸ›µ] å®¡æŸ¥è´­ç‰©è½¦çŠ¶æ€
2022-10-04 21:37:39.744 | DEBUG    | services.bricklayer.core:_activate_payment:735 - [ðŸ”–] èµ„æºè®¢å•åŠ è½½å®Œæ¯• - mode=ä¸‹å•
2022-10-04 21:37:43.110 | DEBUG    | services.bricklayer.game:empty_shopping_payment:131 - [ðŸ›µ] å¤„ç†è´­ç‰©è®¢å•...
2022-10-04 21:37:43.136 | DEBUG    | services.bricklayer.core:cart_handle_payment:975 - [ðŸŒ€] åˆ‡æ¢è‡³å†…è”è®¢å•æ¡†æž¶
2022-10-04 21:37:43.136 | DEBUG    | services.bricklayer.core:cart_handle_payment:981 - [âš”] æ¿€æ´»äººæœºæŒ‘æˆ˜...
2022-10-04 21:38:02.707 | DEBUG    | services.bricklayer.core:cart_handle_payment:992 - [âš”] æ•èŽ·éšè—åœ¨è®¢å•ä¸­çš„äººæœºæŒ‘æˆ˜...
2022-10-04 21:38:02.783 | DEBUG    | hcaptcha_challenger.core:log:321 - >> Challenge [ArmorCaptcha] Get label - label=ã€Œå†°ä¸Šä¼é¹…ã€
2022-10-04 21:38:03.509 | DEBUG    | hcaptcha_challenger.core:log:321 - >> Challenge [ArmorCaptcha] Download challenge images - timeit=0.18s
2022-10-04 21:38:03.511 | DEBUG    | hcaptcha_challenger._solutions.kernel:_request_asset:307 - Downloading penguin_on_ice.onnx from https://github.com/QIN2DIM/hcaptcha-challenger/releases/download/model/penguin_on_ice.onnx
2022-10-04 21:38:05.728 | DEBUG    | hcaptcha_challenger.core:log:321 - >> Challenge [ArmorCaptcha] Submit the challenge - penguin_on_ice(ResNet)_model: 0.21s
2022-10-04 21:38:09.842 | DEBUG    | hcaptcha_challenger.core:log:321 - >> Challenge [ArmorCaptcha] èŽ·å–å“åº” - desc=ç»§ç»­æŒ‘æˆ˜(continue)
2022-10-04 21:38:09.889 | DEBUG    | hcaptcha_challenger.core:log:321 - >> Challenge [ArmorCaptcha] Get label - label=ã€Œå†°ä¸Šä¼é¹…ã€
2022-10-04 21:38:10.596 | DEBUG    | hcaptcha_challenger.core:log:321 - >> Challenge [ArmorCaptcha] Download challenge images - timeit=0.11s
2022-10-04 21:38:12.364 | DEBUG    | hcaptcha_challenger.core:log:321 - >> Challenge [ArmorCaptcha] Submit the challenge - penguin_on_ice(ResNet)_model: 0.01s
2022-10-04 21:38:21.291 | DEBUG    | hcaptcha_challenger.core:log:321 - >> Challenge [ArmorCaptcha] èŽ·å–å“åº” - desc=é€€ç«æˆåŠŸ(success)
2022-10-04 21:38:22.341 | DEBUG    | services.bricklayer.core:cart_handle_payment:996 - [ðŸŒ€] å¼¹å‡ºå†…è”è®¢å•æ¡†æž¶...
2022-10-04 21:38:28.368 | DEBUG    | services.bricklayer.game:empty_shopping_payment:98 - [ðŸ›µ] é‡è½½èº«ä»½ä»¤ç‰Œ
2022-10-04 21:38:31.726 | DEBUG    | services.bricklayer.game:empty_shopping_payment:107 - [ðŸ›µ] å®¡æŸ¥è´­ç‰©è½¦çŠ¶æ€
2022-10-04 21:38:34.192 | SUCCESS  | services.bricklayer.game:empty_shopping_payment:109 - >> ADVANCE [GameClaimer] âœ” è´­ç‰©è½¦å·²æ¸…ç©º
2022-10-04 21:38:34.193 | INFO     | apis.scaffold.get:push_all_message:150 - Notify [MessagePusher] æŽ¨é€è¿è¡Œæ—¥å¿— - active_pusher=[]
2022-10-04 21:38:34.497 | SUCCESS  | services.scaffold:get:91 - DONE [ScaffoldGet] ä»»åŠ¡é€€å‡º
2022-10-07 05:42:29.886 | INFO     | services.deploy:job_loop_claim:126 - >> STARTUP [AwesomeScheduler] SynergyTunnel Pattern: True
2022-10-07 05:42:29.965 | DEBUG    | services.bricklayer.core:load_ctx_cookies:1157 - >> LOAD [CookieManager] Load context cookie.
2022-10-07 05:42:30.347 | SUCCESS  | services.bricklayer.core:refresh_ctx_cookies:1221 - >> MATCH [__Context__] ðŸŽ® å¯åŠ¨æŒ‘æˆ˜è€…ä¸Šä¸‹æ–‡ - ctx_session=False
2022-10-07 05:42:30.924 | INFO     | services.utils.toolbox:get_challenge_ctx:127 - Please use `xvfb` to empower the headful Chrome.
2022-10-07 05:42:30.925 | INFO     | services.utils.toolbox:get_challenge_ctx:128 - CMD: xvfb-run python3 main.py claim
2022-10-07 05:42:56.962 | DEBUG    | services.bricklayer.core:login:909 - >> MATCH [CookieManager] å®žä½“ä¿¡æ¯æ³¨å…¥å®Œæ¯•
2022-10-07 05:42:57.086 | DEBUG    | services.bricklayer.core:fall_in_captcha_login:63 - >> ARMOR [ArmorUtils] æ­£åœ¨æ£€æµ‹éšè—åœ¨ç™»å½•ç•Œé¢çš„äººæœºæŒ‘æˆ˜...
2022-10-07 05:42:59.406 | DEBUG    | hcaptcha_challenger.core:log:321 - >> Challenge [ArmorCaptcha] Get label - label=ã€Œé©¬æ­¥è¡Œæˆ–å¥”è·‘ã€
2022-10-07 05:43:00.415 | DEBUG    | hcaptcha_challenger.core:log:321 - >> Challenge [ArmorCaptcha] Download challenge images - timeit=0.31s
2022-10-07 05:43:00.418 | DEBUG    | hcaptcha_challenger._solutions.kernel:_request_asset:307 - Downloading horse_walking_or_running.onnx from https://github.com/QIN2DIM/hcaptcha-challenger/releases/download/model/horse_walking_or_running.onnx
2022-10-07 05:43:03.341 | DEBUG    | hcaptcha_challenger.core:log:321 - >> Challenge [ArmorCaptcha] Submit the challenge - horse_walking_or_running(ResNet)_model: 0.66s
2022-10-07 05:43:07.425 | DEBUG    | hcaptcha_challenger.core:log:321 - >> Challenge [ArmorCaptcha] èŽ·å–å“åº” - desc=ç»§ç»­æŒ‘æˆ˜(continue)
2022-10-07 05:43:07.474 | DEBUG    | hcaptcha_challenger.core:log:321 - >> Challenge [ArmorCaptcha] Get label - label=ã€Œé©¬æ­¥è¡Œæˆ–å¥”è·‘ã€
2022-10-07 05:43:08.271 | DEBUG    | hcaptcha_challenger.core:log:321 - >> Challenge [ArmorCaptcha] Download challenge images - timeit=0.09s
2022-10-07 05:43:09.356 | DEBUG    | hcaptcha_challenger.core:log:321 - >> Challenge [ArmorCaptcha] Submit the challenge - horse_walking_or_running(ResNet)_model: 0.01s
2022-10-07 05:43:18.512 | DEBUG    | hcaptcha_challenger.core:log:321 - >> Challenge [ArmorCaptcha] èŽ·å–å“åº” - desc=é€€ç«æˆåŠŸ(success)
2022-10-07 05:43:19.328 | DEBUG    | services.bricklayer.core:load_ctx_cookies:1157 - >> LOAD [CookieManager] Load context cookie.
2022-10-07 05:43:20.295 | DEBUG    | services.deploy:promotions_splitter:307 - >> STARTUP [GameClaimer] ðŸœ å‘çŽ°å‘¨å…æ¸¸æˆ - game=ã€ŽRising Hellã€ url=https://store.epicgames.com/zh-CN/p/rising-hell-253707
2022-10-07 05:43:20.295 | DEBUG    | services.deploy:promotions_splitter:307 - >> STARTUP [GameClaimer] ðŸœ å‘çŽ°å‘¨å…æ¸¸æˆ - game=ã€ŽSlain: Back From Hellã€ url=https://store.epicgames.com/zh-CN/p/slain-aea303
2022-10-07 05:43:20.296 | DEBUG    | services.bricklayer.game:cart_balancing:80 - >> REMOVE [GameClaimer] å°†è´­ç‰©è½¦å•†å“ç§»è‡³æ„¿æœ›æ¸…å•
2022-10-07 05:43:37.690 | SUCCESS  | services.bricklayer.core:purchase_status:530 - >> GET [GameClaimer] ðŸ›’ æ·»åŠ è‡³è´­ç‰©è½¦ ä¼˜æƒ æˆªæ­¢äºŽ2022/10/13 08:00 - game=ã€ŽRising Hellã€
2022-10-07 05:43:37.842 | DEBUG    | services.bricklayer.core:_activate_payment:735 - [ðŸ”–] èµ„æºè®¢å•åŠ è½½å®Œæ¯• - mode=add
2022-10-07 05:43:50.206 | SUCCESS  | services.bricklayer.core:purchase_status:530 - >> GET [GameClaimer] ðŸ›’ æ·»åŠ è‡³è´­ç‰©è½¦ ä¼˜æƒ æˆªæ­¢äºŽ2022/10/13 08:00 - game=ã€ŽSlain: Back From Hellã€
2022-10-07 05:43:50.330 | DEBUG    | services.bricklayer.core:_activate_payment:735 - [ðŸ”–] èµ„æºè®¢å•åŠ è½½å®Œæ¯• - mode=add
2022-10-07 05:43:51.225 | DEBUG    | services.bricklayer.game:empty_shopping_payment:98 - [ðŸ›µ] é‡è½½èº«ä»½ä»¤ç‰Œ
2022-10-07 05:43:55.870 | DEBUG    | services.bricklayer.game:empty_shopping_payment:107 - [ðŸ›µ] å®¡æŸ¥è´­ç‰©è½¦çŠ¶æ€
2022-10-07 05:43:56.377 | DEBUG    | services.bricklayer.core:_activate_payment:735 - [ðŸ”–] èµ„æºè®¢å•åŠ è½½å®Œæ¯• - mode=ä¸‹å•
2022-10-07 05:43:59.757 | DEBUG    | services.bricklayer.game:empty_shopping_payment:131 - [ðŸ›µ] å¤„ç†è´­ç‰©è®¢å•...
2022-10-07 05:43:59.792 | DEBUG    | services.bricklayer.core:cart_handle_payment:975 - [ðŸŒ€] åˆ‡æ¢è‡³å†…è”è®¢å•æ¡†æž¶
2022-10-07 05:43:59.793 | DEBUG    | services.bricklayer.core:cart_handle_payment:981 - [âš”] æ¿€æ´»äººæœºæŒ‘æˆ˜...
2022-10-07 05:44:20.352 | DEBUG    | services.bricklayer.core:cart_handle_payment:992 - [âš”] æ•èŽ·éšè—åœ¨è®¢å•ä¸­çš„äººæœºæŒ‘æˆ˜...
2022-10-07 05:44:20.473 | DEBUG    | hcaptcha_challenger.core:log:321 - >> Challenge [ArmorCaptcha] Get label - label=ã€Œé©¬æ­¥è¡Œæˆ–å¥”è·‘ã€
2022-10-07 05:44:21.196 | DEBUG    | hcaptcha_challenger.core:log:321 - >> Challenge [ArmorCaptcha] Download challenge images - timeit=0.05s
2022-10-07 05:44:23.452 | DEBUG    | hcaptcha_challenger.core:log:321 - >> Challenge [ArmorCaptcha] Submit the challenge - horse_walking_or_running(ResNet)_model: 0.01s
2022-10-07 05:44:27.540 | DEBUG    | hcaptcha_challenger.core:log:321 - >> Challenge [ArmorCaptcha] èŽ·å–å“åº” - desc=ç»§ç»­æŒ‘æˆ˜(continue)
2022-10-07 05:44:27.606 | DEBUG    | hcaptcha_challenger.core:log:321 - >> Challenge [ArmorCaptcha] Get label - label=ã€Œé©¬æ­¥è¡Œæˆ–å¥”è·‘ã€
2022-10-07 05:44:28.334 | DEBUG    | hcaptcha_challenger.core:log:321 - >> Challenge [ArmorCaptcha] Download challenge images - timeit=0.08s
2022-10-07 05:44:29.920 | DEBUG    | hcaptcha_challenger.core:log:321 - >> Challenge [ArmorCaptcha] Submit the challenge - horse_walking_or_running(ResNet)_model: 0.02s
2022-10-07 05:44:35.416 | DEBUG    | hcaptcha_challenger.core:log:321 - >> Challenge [ArmorCaptcha] èŽ·å–å“åº” - desc=é€€ç«æˆåŠŸ(success)
2022-10-07 05:44:35.846 | DEBUG    | services.bricklayer.core:cart_handle_payment:996 - [ðŸŒ€] å¼¹å‡ºå†…è”è®¢å•æ¡†æž¶...
2022-10-07 05:44:45.325 | DEBUG    | services.bricklayer.game:empty_shopping_payment:98 - [ðŸ›µ] é‡è½½èº«ä»½ä»¤ç‰Œ
2022-10-07 05:44:49.660 | DEBUG    | services.bricklayer.game:empty_shopping_payment:107 - [ðŸ›µ] å®¡æŸ¥è´­ç‰©è½¦çŠ¶æ€
2022-10-07 05:44:54.918 | SUCCESS  | services.bricklayer.game:empty_shopping_payment:117 - >> ADVANCE [GameClaimer] âœ” è´­ç‰©è½¦å·²æ¸…ç©º
2022-10-14 05:42:29.303 | INFO     | services.deploy:job_loop_claim:126 - >> STARTUP [AwesomeScheduler] SynergyTunnel Pattern: True
2022-10-14 05:42:29.375 | DEBUG    | services.bricklayer.core:load_ctx_cookies:1157 - >> LOAD [CookieManager] Load context cookie.
2022-10-14 05:42:29.753 | SUCCESS  | services.bricklayer.core:refresh_ctx_cookies:1221 - >> MATCH [__Context__] ðŸŽ® å¯åŠ¨æŒ‘æˆ˜è€…ä¸Šä¸‹æ–‡ - ctx_session=False
2022-10-14 05:42:30.463 | INFO     | services.utils.toolbox:get_challenge_ctx:127 - Please use `xvfb` to empower the headful Chrome.
2022-10-14 05:42:30.463 | INFO     | services.utils.toolbox:get_challenge_ctx:128 - CMD: xvfb-run python3 main.py claim
2022-10-14 05:42:46.543 | DEBUG    | services.bricklayer.core:login:909 - >> MATCH [CookieManager] å®žä½“ä¿¡æ¯æ³¨å…¥å®Œæ¯•
2022-10-14 05:42:46.553 | DEBUG    | services.bricklayer.core:fall_in_captcha_login:63 - >> ARMOR [ArmorUtils] æ­£åœ¨æ£€æµ‹éšè—åœ¨ç™»å½•ç•Œé¢çš„äººæœºæŒ‘æˆ˜...
2022-10-14 05:42:48.877 | DEBUG    | hcaptcha_challenger.core:log:322 - >> Challenge [ArmorCaptcha] Get label - label=ã€Œæ°´ä¸‹é±¼ã€
2022-10-14 05:42:49.581 | DEBUG    | hcaptcha_challenger.core:log:322 - >> Challenge [ArmorCaptcha] Download challenge images - timeit=0.1s
2022-10-14 05:42:49.584 | DEBUG    | hcaptcha_challenger._solutions.kernel:_request_asset:307 - Downloading fish_underwater.onnx from https://github.com/QIN2DIM/hcaptcha-challenger/releases/download/model/fish_underwater.onnx
2022-10-14 05:42:51.267 | DEBUG    | hcaptcha_challenger.core:log:322 - >> Challenge [ArmorCaptcha] Submit the challenge - fish_underwater(ResNet)_model: 0.6s
2022-10-14 05:42:55.317 | DEBUG    | hcaptcha_challenger.core:log:322 - >> Challenge [ArmorCaptcha] èŽ·å–å“åº” - desc=ç»§ç»­æŒ‘æˆ˜(continue)
2022-10-14 05:42:55.359 | DEBUG    | hcaptcha_challenger.core:log:322 - >> Challenge [ArmorCaptcha] Get label - label=ã€Œæ°´ä¸‹é±¼ã€
2022-10-14 05:42:55.998 | DEBUG    | hcaptcha_challenger.core:log:322 - >> Challenge [ArmorCaptcha] Download challenge images - timeit=0.05s
2022-10-14 05:42:57.012 | DEBUG    | hcaptcha_challenger.core:log:322 - >> Challenge [ArmorCaptcha] Submit the challenge - fish_underwater(ResNet)_model: 0.01s
2022-10-14 05:43:06.047 | DEBUG    | hcaptcha_challenger.core:log:322 - >> Challenge [ArmorCaptcha] èŽ·å–å“åº” - desc=é€€ç«æˆåŠŸ(success)
2022-10-14 05:43:06.874 | DEBUG    | services.bricklayer.core:load_ctx_cookies:1157 - >> LOAD [CookieManager] Load context cookie.
2022-10-14 05:43:07.850 | DEBUG    | services.deploy:promotions_splitter:307 - >> STARTUP [GameClaimer] ðŸœ å‘çŽ°å‘¨å…æ¸¸æˆ - game=ã€ŽToeJam & Earl: Back in the Groove!ã€ url=https://store.epicgames.com/zh-CN/p/toejam-and-earl-back-in-the-groove-cddc16
2022-10-14 05:43:07.851 | DEBUG    | services.deploy:promotions_splitter:307 - >> STARTUP [GameClaimer] ðŸœ å‘çŽ°å‘¨å…æ¸¸æˆ - game=ã€ŽDarkwoodã€ url=https://store.epicgames.com/zh-CN/p/darkwood-fa73bd
2022-10-14 05:43:07.851 | DEBUG    | services.bricklayer.game:cart_balancing:80 - >> REMOVE [GameClaimer] å°†è´­ç‰©è½¦å•†å“ç§»è‡³æ„¿æœ›æ¸…å•
2022-10-14 05:43:23.323 | SUCCESS  | services.bricklayer.core:purchase_status:530 - >> GET [GameClaimer] ðŸ›’ æ·»åŠ è‡³è´­ç‰©è½¦ ä¼˜æƒ æˆªæ­¢äºŽ2022/10/20 08:00 - game=ã€ŽToeJam & Earl: Back in the Groove!ã€
2022-10-14 05:43:23.433 | DEBUG    | services.bricklayer.core:_activate_payment:735 - [ðŸ”–] èµ„æºè®¢å•åŠ è½½å®Œæ¯• - mode=add
2022-10-14 05:43:33.356 | SUCCESS  | services.bricklayer.core:purchase_status:530 - >> GET [GameClaimer] ðŸ›’ æ·»åŠ è‡³è´­ç‰©è½¦ ä¼˜æƒ æˆªæ­¢äºŽ2022/10/20 08:00 - game=ã€ŽDarkwoodã€
2022-10-14 05:43:33.475 | DEBUG    | services.bricklayer.core:_activate_payment:735 - [ðŸ”–] èµ„æºè®¢å•åŠ è½½å®Œæ¯• - mode=add
2022-10-14 05:43:33.931 | DEBUG    | services.bricklayer.game:empty_shopping_payment:98 - [ðŸ›µ] é‡è½½èº«ä»½ä»¤ç‰Œ
2022-10-14 05:43:38.376 | DEBUG    | services.bricklayer.game:empty_shopping_payment:107 - [ðŸ›µ] å®¡æŸ¥è´­ç‰©è½¦çŠ¶æ€
2022-10-14 05:43:38.892 | DEBUG    | services.bricklayer.core:_activate_payment:735 - [ðŸ”–] èµ„æºè®¢å•åŠ è½½å®Œæ¯• - mode=ä¸‹å•
2022-10-14 05:43:41.955 | DEBUG    | services.bricklayer.game:empty_shopping_payment:131 - [ðŸ›µ] å¤„ç†è´­ç‰©è®¢å•...
2022-10-14 05:43:41.994 | DEBUG    | services.bricklayer.core:cart_handle_payment:975 - [ðŸŒ€] åˆ‡æ¢è‡³å†…è”è®¢å•æ¡†æž¶
2022-10-14 05:43:41.994 | DEBUG    | services.bricklayer.core:cart_handle_payment:981 - [âš”] æ¿€æ´»äººæœºæŒ‘æˆ˜...
2022-10-14 05:44:02.043 | DEBUG    | services.bricklayer.core:cart_handle_payment:992 - [âš”] æ•èŽ·éšè—åœ¨è®¢å•ä¸­çš„äººæœºæŒ‘æˆ˜...
2022-10-14 05:44:02.157 | DEBUG    | hcaptcha_challenger.core:log:322 - >> Challenge [ArmorCaptcha] Get label - label=ã€Œæˆ¿å­ã€
2022-10-14 05:44:02.827 | DEBUG    | hcaptcha_challenger.core:log:322 - >> Challenge [ArmorCaptcha] Download challenge images - timeit=0.07s
2022-10-14 05:44:02.830 | DEBUG    | hcaptcha_challenger._solutions.kernel:_request_asset:307 - Downloading house.onnx from https://github.com/QIN2DIM/hcaptcha-challenger/releases/download/model/house.onnx
2022-10-14 05:44:05.510 | DEBUG    | hcaptcha_challenger.core:log:322 - >> Challenge [ArmorCaptcha] Submit the challenge - house(ResNet)_model: 0.75s
2022-10-14 05:44:09.665 | DEBUG    | hcaptcha_challenger.core:log:322 - >> Challenge [ArmorCaptcha] èŽ·å–å“åº” - desc=ç»§ç»­æŒ‘æˆ˜(continue)
2022-10-14 05:44:09.722 | DEBUG    | hcaptcha_challenger.core:log:322 - >> Challenge [ArmorCaptcha] Get label - label=ã€Œæˆ¿å­ã€
2022-10-14 05:44:10.388 | DEBUG    | hcaptcha_challenger.core:log:322 - >> Challenge [ArmorCaptcha] Download challenge images - timeit=0.1s
2022-10-14 05:44:11.989 | DEBUG    | hcaptcha_challenger.core:log:322 - >> Challenge [ArmorCaptcha] Submit the challenge - house(ResNet)_model: 0.01s
2022-10-14 05:44:17.552 | DEBUG    | hcaptcha_challenger.core:log:322 - >> Challenge [ArmorCaptcha] èŽ·å–å“åº” - desc=é€€ç«æˆåŠŸ(success)
2022-10-14 05:44:17.744 | DEBUG    | services.bricklayer.core:cart_handle_payment:996 - [ðŸŒ€] å¼¹å‡ºå†…è”è®¢å•æ¡†æž¶...
2022-10-14 05:44:24.892 | DEBUG    | services.bricklayer.game:empty_shopping_payment:98 - [ðŸ›µ] é‡è½½èº«ä»½ä»¤ç‰Œ
2022-10-14 05:44:29.240 | DEBUG    | services.bricklayer.game:empty_shopping_payment:107 - [ðŸ›µ] å®¡æŸ¥è´­ç‰©è½¦çŠ¶æ€
2022-10-14 05:44:34.363 | SUCCESS  | services.bricklayer.game:empty_shopping_payment:117 - >> ADVANCE [GameClaimer] âœ” è´­ç‰©è½¦å·²æ¸…ç©º
